Arguments: 
  /opt/homebrew/Cellar/node/18.2.0/bin/node /Users/peppe/.yarn/bin/yarn.js init

PATH: 
  /opt/homebrew/opt/qt@5/bin:/Users/peppe/Library/Python/3.8/bin:/Users/peppe/.yarn/bin:/Users/peppe/.local/bin:/opt/homebrew/bin:/opt/homebrew/sbin:/usr/local/bin:/usr/bin:/bin:/usr/sbin:/sbin:/opt/X11/bin:/Library/Apple/usr/bin:/Applications/kitty.app/Contents/MacOS:/opt/homebrew/bin:/Users/peppe/go/bin:/opt/homebrew/opt/go/libexec/bin

Yarn version: 
  1.22.18

Node version: 
  18.2.0

Platform: 
  darwin arm64

Trace: 
  Error: canceled
      at Interface.<anonymous> (/Users/peppe/.yarn/lib/cli.js:137143:13)
      at Interface.emit (node:events:527:28)
      at [_ttyWrite] [as _ttyWrite] (node:internal/readline/interface:1123:18)
      at ReadStream.onkeypress (node:internal/readline/interface:272:20)
      at ReadStream.emit (node:events:527:28)
      at emitKeys (node:internal/readline/utils:358:14)
      at emitKeys.next (<anonymous>)
      at ReadStream.onData (node:internal/readline/emitKeypressEvents:64:36)
      at ReadStream.emit (node:events:527:28)
      at addChunk (node:internal/streams/readable:324:12)

npm manifest: 
  No manifest

yarn manifest: 
  No manifest

Lockfile: 
  No lockfile
